Initializing document watcher...
Document watcher initialized
natureskwy/smartstore-fn/package.json: {}
natureskwy/smartstore-fn/package.json: {}
natureskwy/fassto-fn/package-lock.json: {}
natureskwy/fassto-fn/package-lock.json: {}
No more open editors.
natureskwy/fassto-fn/index.js: {}
natureskwy/fassto-fn/index.js: {}
natureskwy/fassto-fn/index.js: {}
natureskwy/fassto-fn/index.js: {}
natureskwy/fassto-fn/index.js: Using EditorConfig core...
natureskwy/fassto-fn/index.js: Using EditorConfig core...
natureskwy/fassto-fn/index.js: Using EditorConfig core...
natureskwy/fassto-fn/index.js: {}
natureskwy/fassto-fn/index.js: {}
natureskwy/fassto-fn/index.js: {}
natureskwy/fassto-fn/index.js: {}
natureskwy/fassto-fn/index.js: {}
natureskwy/fassto-fn/index.js: {}
natureskwy/fassto-fn/index.js: {}
natureskwy/fassto-fn/index.js: {}
natureskwy/fassto-fn/index.js: {}
natureskwy/fassto-fn/index.js: {}
natureskwy/fassto-fn/index.js: {}
natureskwy/fassto-fn/index.js: {}
natureskwy/fassto-fn/index.js: {}
natureskwy/fassto-fn/index.js: {}
natureskwy/fassto-fn/index.js: {}
natureskwy/fassto-fn/index.js: {}
natureskwy/fassto-fn/index.js: {}
natureskwy/fassto-fn/index.js: {}
natureskwy/fassto-fn/index.js: {}
natureskwy/fassto-fn/index.js: {}
natureskwy/fassto-fn/Dockerfile: {}
natureskwy/fassto-fn/Dockerfile: {}
natureskwy/fassto-fn/Dockerfile: {}
natureskwy/fassto-fn/Dockerfile: {}
natureskwy/fassto-fn/Dockerfile: {}
natureskwy/fassto-fn/Dockerfile: {}
natureskwy/fassto-fn/Dockerfile: {}
natureskwy/fassto-fn/index.js: {}
natureskwy/fassto-fn/package-lock.json: {}
natureskwy/fassto-fn/package.json: {}
natureskwy/fassto-fn/index.js: {}
natureskwy/fassto-fn/Dockerfile: {}
natureskwy/fassto-fn/Dockerfile: {}
