Initializing document watcher...
Document watcher initialized
natureskwy/index.js: {}
natureskwy/index.js: {}
natureskwy/index.js: {}
natureskwy/index.js: Using EditorConfig core...
natureskwy/index.js: Using EditorConfig core...
natureskwy/package.json: {}
natureskwy/index.js: {}
natureskwy/package.json: {}
natureskwy/package.json: {}
natureskwy/package.json: {}
natureskwy/package.json: Using EditorConfig core...
natureskwy/package.json: Using EditorConfig core...
natureskwy/index.js: {}
natureskwy/package.json: {}
natureskwy/procfile: {}
natureskwy/procfile: {}
natureskwy/procfile: {}
natureskwy/package.json: {}
natureskwy/index.js: {}
natureskwy/index.js: Using EditorConfig core...
