2025-08-02 01:34:11.492 [info] [main] Log level: Info
2025-08-02 01:34:11.492 [info] [main] Validating found git in: "git"
2025-08-02 01:34:11.492 [info] [main] Using git "2.43.0" from "git"
2025-08-02 01:34:11.492 [info] [Model][doInitialScan] Initial repository scan started
2025-08-02 01:34:11.492 [info] > git rev-parse --show-toplevel [19ms]
2025-08-02 01:34:11.492 [info] fatal: not a git repository (or any parent up to mount point /)
Stopping at filesystem boundary (GIT_DISCOVERY_ACROSS_FILESYSTEM not set).
2025-08-02 01:34:11.492 [info] > git rev-parse --show-toplevel [3ms]
2025-08-02 01:34:11.492 [info] fatal: not a git repository (or any parent up to mount point /)
Stopping at filesystem boundary (GIT_DISCOVERY_ACROSS_FILESYSTEM not set).
2025-08-02 01:34:11.492 [info] > git rev-parse --show-toplevel [2ms]
2025-08-02 01:34:11.492 [info] fatal: not a git repository (or any parent up to mount point /)
Stopping at filesystem boundary (GIT_DISCOVERY_ACROSS_FILESYSTEM not set).
2025-08-02 01:34:11.492 [info] > git rev-parse --show-toplevel [2ms]
2025-08-02 01:34:11.492 [info] fatal: not a git repository (or any parent up to mount point /)
Stopping at filesystem boundary (GIT_DISCOVERY_ACROSS_FILESYSTEM not set).
2025-08-02 01:34:11.492 [info] > git rev-parse --show-toplevel [2ms]
2025-08-02 01:34:11.492 [info] fatal: not a git repository (or any parent up to mount point /)
Stopping at filesystem boundary (GIT_DISCOVERY_ACROSS_FILESYSTEM not set).
2025-08-02 01:34:11.492 [info] > git rev-parse --show-toplevel [2ms]
2025-08-02 01:34:11.492 [info] fatal: not a git repository (or any parent up to mount point /)
Stopping at filesystem boundary (GIT_DISCOVERY_ACROSS_FILESYSTEM not set).
2025-08-02 01:34:11.492 [info] > git rev-parse --show-toplevel [70ms]
2025-08-02 01:34:11.492 [info] fatal: not a git repository (or any parent up to mount point /)
Stopping at filesystem boundary (GIT_DISCOVERY_ACROSS_FILESYSTEM not set).
2025-08-02 01:34:11.492 [info] > git rev-parse --show-toplevel [8ms]
2025-08-02 01:34:11.492 [info] fatal: not a git repository (or any parent up to mount point /)
Stopping at filesystem boundary (GIT_DISCOVERY_ACROSS_FILESYSTEM not set).
2025-08-02 01:34:11.494 [info] > git rev-parse --show-toplevel [4ms]
2025-08-02 01:34:11.494 [info] fatal: not a git repository (or any parent up to mount point /)
Stopping at filesystem boundary (GIT_DISCOVERY_ACROSS_FILESYSTEM not set).
2025-08-02 01:34:11.505 [info] > git rev-parse --show-toplevel [3ms]
2025-08-02 01:34:11.505 [info] fatal: not a git repository (or any parent up to mount point /)
Stopping at filesystem boundary (GIT_DISCOVERY_ACROSS_FILESYSTEM not set).
2025-08-02 01:34:11.515 [info] > git rev-parse --show-toplevel [2ms]
2025-08-02 01:34:11.515 [info] fatal: not a git repository (or any parent up to mount point /)
Stopping at filesystem boundary (GIT_DISCOVERY_ACROSS_FILESYSTEM not set).
2025-08-02 01:34:11.516 [info] [Model][doInitialScan] Initial repository scan completed - repositories (0), closed repositories (0), parent repositories (0), unsafe repositories (0)
