Initializing document watcher...
Document watcher initialized
natureskwy/fassto-fn/package.json: {}
natureskwy/index.js: {}
natureskwy/fassto-fn/index.js: {}
natureskwy/package.json: {}
natureskwy/fassto-fn/package.json: {}
natureskwy/procfile: {}
natureskwy/README-cloudshell.txt: {}
natureskwy/procfile: {}
natureskwy/procfile: {}
natureskwy/procfile: {}
natureskwy/fassto-fn/package.json: {}
natureskwy/fassto-fn/index.js: {}
natureskwy/fassto-fn/index.js: Using EditorConfig core...
natureskwy/fassto-fn/index.js: {}
natureskwy/fassto-fn/index.js: {}
natureskwy/fassto-fn/index.js: {}
natureskwy/smartstore-fn/package-lock.json: {}
natureskwy/smartstore-fn/index.js: {}
natureskwy/smartstore-fn/package.json: {}
natureskwy/smartstore-fn/index.js: {}
natureskwy/smartstore-fn/package-lock.json: {}
natureskwy/smartstore-fn/package.json: {}
natureskwy/smartstore-fn/package.json: {}
natureskwy/smartstore-fn/package.json: {}
natureskwy/smartstore-fn/package.json: {}
natureskwy/smartstore-fn/package.json: {}
