Initializing document watcher...
Document watcher initialized
natureskwy/package.json: {}
natureskwy/fassto-fn/index.js: {}
natureskwy/fassto-fn/package-lock.json: {}
natureskwy/fassto-fn/package.json: {}
natureskwy/index.js: {}
natureskwy/package.json: {}
natureskwy/fassto-fn/package.json: {}
natureskwy/fassto-fn/index.js: {}
natureskwy/README-cloudshell.txt: {}
natureskwy/README-cloudshell.txt: {}
natureskwy/README-cloudshell.txt: {}
natureskwy/README-cloudshell.txt: {}
natureskwy/index.js: {}
natureskwy/smartstore-fn/index.js: {}
natureskwy/smartstore-fn/package.json: {}
natureskwy/smartstore-fn/index.js: {}
natureskwy/smartstore-fn/package.json: {}
natureskwy/index.js: {}
natureskwy/package.json: {}
natureskwy/fassto-fn/index.js: {}
natureskwy/fassto-fn/package.json: {}
natureskwy/index.js: {}
natureskwy/package.json: {}
natureskwy/package.json: {}
natureskwy/package.json: {}
natureskwy/package.json: {}
natureskwy/package.json: {}
natureskwy/index.js: {}
natureskwy/package.json: {}
natureskwy/index.js: {}
natureskwy/package.json: {}
natureskwy/index.js: {}
natureskwy/fassto-fn/index.js: {}
natureskwy/fassto-fn/package-lock.json: {}
natureskwy/fassto-fn/package.json: {}
natureskwy/fassto-fn/index.js: {}
natureskwy/fassto-fn/package.json: {}
natureskwy/fassto-fn/index.js: {}
natureskwy/fassto-fn/index.js: {}
natureskwy/fassto-fn/index.js: {}
natureskwy/fassto-fn/package.json: {}
natureskwy/fassto-fn/index.js: {}
natureskwy/fassto-fn/package.json: {}
natureskwy/fassto-fn/package-lock.json: {}
natureskwy/fassto-fn/index.js: {}
natureskwy/index.js: {}
natureskwy/package.json: {}
natureskwy/index.js: {}
natureskwy/package.json: {}
natureskwy/index.js: {}
natureskwy/package.json: {}
natureskwy/index.js: {}
No more open editors.
natureskwy/fassto-fn/index.js: {}
natureskwy/package.json: {}
natureskwy/index.js: {}
natureskwy/smartstore-fn/package.json: {}
natureskwy/smartstore-fn/index.js: {}
natureskwy/smartstore-fn/package.json: {}
natureskwy/smartstore-fn/index.js: {}
natureskwy/index.js: {}
natureskwy/README-cloudshell.txt: {}
natureskwy/fassto-fn/index.js: {}
natureskwy/fassto-fn/package.json: {}
natureskwy/fassto-fn/index.js: {}
natureskwy/fassto-fn/package.json: {}
natureskwy/package.json: {}
natureskwy/index.js: {}
natureskwy/fassto-fn/package.json: {}
natureskwy/fassto-fn/package-lock.json: {}
natureskwy/fassto-fn/index.js: {}
natureskwy/package.json: {}
natureskwy/package.json: {}
natureskwy/package.json: {}
natureskwy/package.json: {}
natureskwy/package.json: {}
natureskwy/package.json: {}
natureskwy/package.json: {}
natureskwy/index.js: {}
natureskwy/index.js: {}
natureskwy/index.js: {}
natureskwy/index.js: {}
natureskwy/index.js: {}
natureskwy/index.js: {}
natureskwy/index.js: {}
natureskwy/index.js: {}
natureskwy/index.js: {}
natureskwy/index.js: {}
natureskwy/index.js: {}
natureskwy/index.js: {}
natureskwy/index.js: {}
natureskwy/index.js: {}
natureskwy/index.js: {}
natureskwy/index.js: {}
natureskwy/index.js: {}
natureskwy/index.js: {}
natureskwy/index.js: {}
natureskwy/index.js: {}
natureskwy/index.js: {}
natureskwy/index.js: {}
natureskwy/package.json: {}
natureskwy/procfile: {}
natureskwy/package.json: {}
natureskwy/index.js: {}
natureskwy/index.js: {}
natureskwy/index.js: {}
natureskwy/index.js: {}
natureskwy/index.js: {}
natureskwy/index.js: {}
natureskwy/index.js: {}
natureskwy/package.json: {}
natureskwy/smartstore-fn/package.json: {}
natureskwy/smartstore-fn/index.js: {}
natureskwy/smartstore-fn/package.json: {}
natureskwy/smartstore-fn/index.js: {}
natureskwy/package.json: {}
natureskwy/fassto-fn/index.js: {}
natureskwy/fassto-fn/package.json: {}
natureskwy/fassto-fn/index.js: {}
natureskwy/fassto-fn/package-lock.json: {}
natureskwy/fassto-fn/package.json: {}
natureskwy/fassto-fn/index.js: {}
natureskwy/fassto-fn/package-lock.json: {}
natureskwy/fassto-fn/package.json: {}
natureskwy/fassto-fn/package-lock.json: {}
natureskwy/fassto-fn/package-lock.json: {}
natureskwy/fassto-fn/package-lock.json: {}
natureskwy/fassto-fn/index.js: {}
natureskwy/fassto-fn/package.json: {}
natureskwy/fassto-fn/index.js: {}
natureskwy/fassto-fn/package.json: {}
natureskwy/fassto-fn/package.json: {}
natureskwy/fassto-fn/package.json: {}
natureskwy/fassto-fn/package.json: {}
natureskwy/fassto-fn/index.js: {}
natureskwy/fassto-fn/package.json: {}
