0 verbose cli /usr/local/nvm/versions/node/v22.17.1/bin/node /usr/local/nvm/versions/node/v22.17.1/bin/npm
1 info using npm@11.5.1
2 info using node@v22.17.1
3 silly config load:file:/usr/local/nvm/versions/node/v22.17.1/lib/node_modules/npm/npmrc
4 silly config load:file:/home/natureskwy/smartstore-fn/.npmrc
5 silly config load:file:/home/natureskwy/.npmrc
6 silly config load:file:/usr/local/nvm/versions/node/v22.17.1/etc/npmrc
7 verbose title npm install axios
8 verbose argv "install" "axios"
9 verbose logfile logs-max:10 dir:/home/natureskwy/.npm/_logs/2025-08-03T15_06_22_377Z-
10 verbose logfile /home/natureskwy/.npm/_logs/2025-08-03T15_06_22_377Z-debug-0.log
11 silly logfile start cleaning logs, removing 1 files
12 silly logfile done cleaning log files
13 silly packumentCache heap:2197815296 maxSize:549453824 maxEntrySize:274726912
14 silly idealTree buildDeps
15 silly fetch manifest axios@*
16 silly packumentCache full:https://registry.npmjs.org/axios cache-miss
17 http fetch GET 200 https://registry.npmjs.org/axios 132ms (cache revalidated)
18 silly packumentCache full:https://registry.npmjs.org/axios set size:676869 disposed:false
19 silly placeDep ROOT axios@1.11.0 OK for: smartstore-fn@1.0.0 want: *
20 silly fetch manifest follow-redirects@^1.15.6
21 silly packumentCache full:https://registry.npmjs.org/follow-redirects cache-miss
22 silly fetch manifest form-data@^4.0.4
23 silly packumentCache full:https://registry.npmjs.org/form-data cache-miss
24 http fetch GET 200 https://registry.npmjs.org/follow-redirects 36ms (cache revalidated)
25 silly packumentCache full:https://registry.npmjs.org/follow-redirects set size:186700 disposed:false
26 silly fetch manifest proxy-from-env@^1.1.0
27 silly packumentCache full:https://registry.npmjs.org/proxy-from-env cache-miss
28 http fetch GET 200 https://registry.npmjs.org/proxy-from-env 29ms (cache revalidated)
29 silly packumentCache full:https://registry.npmjs.org/proxy-from-env set size:15831 disposed:false
30 http fetch GET 200 https://registry.npmjs.org/form-data 70ms (cache revalidated)
31 silly packumentCache full:https://registry.npmjs.org/form-data set size:137336 disposed:false
32 silly placeDep ROOT follow-redirects@1.15.11 OK for: axios@1.11.0 want: ^1.15.6
33 silly placeDep ROOT form-data@4.0.4 OK for: axios@1.11.0 want: ^4.0.4
34 silly placeDep ROOT proxy-from-env@1.1.0 OK for: axios@1.11.0 want: ^1.1.0
35 silly fetch manifest hasown@^2.0.2
36 silly packumentCache full:https://registry.npmjs.org/hasown cache-miss
37 silly fetch manifest asynckit@^0.4.0
38 silly packumentCache full:https://registry.npmjs.org/asynckit cache-miss
39 http fetch GET 200 https://registry.npmjs.org/hasown 37ms (cache revalidated)
40 silly packumentCache full:https://registry.npmjs.org/hasown set size:12476 disposed:false
41 silly fetch manifest mime-types@^2.1.12
42 silly packumentCache full:https://registry.npmjs.org/mime-types cache-miss
43 http fetch GET 200 https://registry.npmjs.org/asynckit 39ms (cache revalidated)
44 silly packumentCache full:https://registry.npmjs.org/asynckit set size:17357 disposed:false
45 silly fetch manifest combined-stream@^1.0.8
46 silly packumentCache full:https://registry.npmjs.org/combined-stream cache-miss
47 http fetch GET 200 https://registry.npmjs.org/mime-types 32ms (cache revalidated)
48 silly packumentCache full:https://registry.npmjs.org/mime-types set size:136716 disposed:false
49 silly fetch manifest es-set-tostringtag@^2.1.0
50 silly packumentCache full:https://registry.npmjs.org/es-set-tostringtag cache-miss
51 http fetch GET 200 https://registry.npmjs.org/combined-stream 45ms (cache revalidated)
52 silly packumentCache full:https://registry.npmjs.org/combined-stream set size:40337 disposed:false
53 http fetch GET 200 https://registry.npmjs.org/es-set-tostringtag 36ms (cache revalidated)
54 silly packumentCache full:https://registry.npmjs.org/es-set-tostringtag set size:22094 disposed:false
55 silly placeDep ROOT asynckit@0.4.0 OK for: form-data@4.0.4 want: ^0.4.0
56 silly placeDep ROOT combined-stream@1.0.8 OK for: form-data@4.0.4 want: ^1.0.8
57 silly placeDep ROOT es-set-tostringtag@2.1.0 OK for: form-data@4.0.4 want: ^2.1.0
58 silly placeDep ROOT hasown@2.0.2 OK for: form-data@4.0.4 want: ^2.0.2
59 silly placeDep ROOT mime-types@2.1.35 OK for: form-data@4.0.4 want: ^2.1.12
60 silly fetch manifest delayed-stream@~1.0.0
61 silly packumentCache full:https://registry.npmjs.org/delayed-stream cache-miss
62 silly fetch manifest es-errors@^1.3.0
63 silly packumentCache full:https://registry.npmjs.org/es-errors cache-miss
64 http fetch GET 200 https://registry.npmjs.org/delayed-stream 32ms (cache revalidated)
65 silly packumentCache full:https://registry.npmjs.org/delayed-stream set size:15820 disposed:false
66 silly fetch manifest get-intrinsic@^1.2.6
67 silly packumentCache full:https://registry.npmjs.org/get-intrinsic cache-miss
68 http fetch GET 200 https://registry.npmjs.org/es-errors 42ms (cache revalidated)
69 silly packumentCache full:https://registry.npmjs.org/es-errors set size:16918 disposed:false
70 silly fetch manifest has-tostringtag@^1.0.2
71 silly packumentCache full:https://registry.npmjs.org/has-tostringtag cache-miss
72 http fetch GET 200 https://registry.npmjs.org/get-intrinsic 36ms (cache revalidated)
73 silly packumentCache full:https://registry.npmjs.org/get-intrinsic set size:57687 disposed:false
74 silly fetch manifest function-bind@^1.1.2
75 silly packumentCache full:https://registry.npmjs.org/function-bind cache-miss
76 http fetch GET 200 https://registry.npmjs.org/has-tostringtag 33ms (cache revalidated)
77 silly packumentCache full:https://registry.npmjs.org/has-tostringtag set size:13945 disposed:false
78 silly fetch manifest mime-db@1.52.0
79 silly packumentCache full:https://registry.npmjs.org/mime-db cache-miss
80 http fetch GET 200 https://registry.npmjs.org/function-bind 28ms (cache revalidated)
81 silly packumentCache full:https://registry.npmjs.org/function-bind set size:15733 disposed:false
82 http fetch GET 200 https://registry.npmjs.org/mime-db 33ms (cache revalidated)
83 silly packumentCache full:https://registry.npmjs.org/mime-db set size:164953 disposed:false
84 silly placeDep ROOT delayed-stream@1.0.0 OK for: combined-stream@1.0.8 want: ~1.0.0
85 silly placeDep ROOT es-errors@1.3.0 OK for: es-set-tostringtag@2.1.0 want: ^1.3.0
86 silly placeDep ROOT get-intrinsic@1.3.0 OK for: es-set-tostringtag@2.1.0 want: ^1.2.6
87 silly placeDep ROOT has-tostringtag@1.0.2 OK for: es-set-tostringtag@2.1.0 want: ^1.0.2
88 silly fetch manifest call-bind-apply-helpers@^1.0.2
89 silly packumentCache full:https://registry.npmjs.org/call-bind-apply-helpers cache-miss
90 silly fetch manifest es-define-property@^1.0.1
91 silly packumentCache full:https://registry.npmjs.org/es-define-property cache-miss
92 http fetch GET 200 https://registry.npmjs.org/es-define-property 30ms (cache revalidated)
93 silly packumentCache full:https://registry.npmjs.org/es-define-property set size:8542 disposed:false
94 silly fetch manifest es-object-atoms@^1.1.1
95 silly packumentCache full:https://registry.npmjs.org/es-object-atoms cache-miss
96 http fetch GET 200 https://registry.npmjs.org/call-bind-apply-helpers 40ms (cache revalidated)
97 silly packumentCache full:https://registry.npmjs.org/call-bind-apply-helpers set size:12744 disposed:false
98 silly fetch manifest get-proto@^1.0.1
99 silly packumentCache full:https://registry.npmjs.org/get-proto cache-miss
100 http fetch GET 200 https://registry.npmjs.org/es-object-atoms 26ms (cache revalidated)
101 silly packumentCache full:https://registry.npmjs.org/es-object-atoms set size:15304 disposed:false
102 silly fetch manifest gopd@^1.2.0
103 silly packumentCache full:https://registry.npmjs.org/gopd cache-miss
104 http fetch GET 200 https://registry.npmjs.org/get-proto 31ms (cache revalidated)
105 silly packumentCache full:https://registry.npmjs.org/get-proto set size:8300 disposed:false
106 silly fetch manifest has-symbols@^1.1.0
107 silly packumentCache full:https://registry.npmjs.org/has-symbols cache-miss
108 http fetch GET 200 https://registry.npmjs.org/gopd 29ms (cache revalidated)
109 silly packumentCache full:https://registry.npmjs.org/gopd set size:11458 disposed:false
110 silly fetch manifest math-intrinsics@^1.1.0
111 silly packumentCache full:https://registry.npmjs.org/math-intrinsics cache-miss
112 http fetch GET 200 https://registry.npmjs.org/has-symbols 30ms (cache revalidated)
113 silly packumentCache full:https://registry.npmjs.org/has-symbols set size:21550 disposed:false
114 silly fetch manifest has-symbols@^1.0.3
115 silly packumentCache full:https://registry.npmjs.org/has-symbols cache-hit
116 http fetch GET 200 https://registry.npmjs.org/math-intrinsics 25ms (cache revalidated)
117 silly packumentCache full:https://registry.npmjs.org/math-intrinsics set size:9265 disposed:false
118 silly placeDep ROOT call-bind-apply-helpers@1.0.2 OK for: get-intrinsic@1.3.0 want: ^1.0.2
119 silly placeDep ROOT es-define-property@1.0.1 OK for: get-intrinsic@1.3.0 want: ^1.0.1
120 silly placeDep ROOT es-object-atoms@1.1.1 OK for: get-intrinsic@1.3.0 want: ^1.1.1
121 silly placeDep ROOT function-bind@1.1.2 OK for: get-intrinsic@1.3.0 want: ^1.1.2
122 silly placeDep ROOT get-proto@1.0.1 OK for: get-intrinsic@1.3.0 want: ^1.0.1
123 silly placeDep ROOT gopd@1.2.0 OK for: get-intrinsic@1.3.0 want: ^1.2.0
124 silly placeDep ROOT has-symbols@1.1.0 OK for: get-intrinsic@1.3.0 want: ^1.1.0
125 silly placeDep ROOT math-intrinsics@1.1.0 OK for: get-intrinsic@1.3.0 want: ^1.1.0
126 silly fetch manifest dunder-proto@^1.0.1
127 silly packumentCache full:https://registry.npmjs.org/dunder-proto cache-miss
128 http fetch GET 200 https://registry.npmjs.org/dunder-proto 37ms (cache revalidated)
129 silly packumentCache full:https://registry.npmjs.org/dunder-proto set size:8256 disposed:false
130 silly placeDep ROOT dunder-proto@1.0.1 OK for: get-proto@1.0.1 want: ^1.0.1
131 silly placeDep ROOT mime-db@1.52.0 OK for: mime-types@2.1.35 want: 1.52.0
132 silly reify moves {}
133 silly audit bulk request {
133 silly audit   axios: [ '1.11.0' ],
133 silly audit   'follow-redirects': [ '1.15.11' ],
133 silly audit   'form-data': [ '4.0.4' ],
133 silly audit   'proxy-from-env': [ '1.1.0' ],
133 silly audit   asynckit: [ '0.4.0' ],
133 silly audit   'combined-stream': [ '1.0.8' ],
133 silly audit   'es-set-tostringtag': [ '2.1.0' ],
133 silly audit   hasown: [ '2.0.2' ],
133 silly audit   'mime-types': [ '2.1.35' ],
133 silly audit   'delayed-stream': [ '1.0.0' ],
133 silly audit   'es-errors': [ '1.3.0' ],
133 silly audit   'get-intrinsic': [ '1.3.0' ],
133 silly audit   'has-tostringtag': [ '1.0.2' ],
133 silly audit   'call-bind-apply-helpers': [ '1.0.2' ],
133 silly audit   'es-define-property': [ '1.0.1' ],
133 silly audit   'es-object-atoms': [ '1.1.1' ],
133 silly audit   'function-bind': [ '1.1.2' ],
133 silly audit   'get-proto': [ '1.0.1' ],
133 silly audit   gopd: [ '1.2.0' ],
133 silly audit   'has-symbols': [ '1.1.0' ],
133 silly audit   'math-intrinsics': [ '1.1.0' ],
133 silly audit   'dunder-proto': [ '1.0.1' ],
133 silly audit   'mime-db': [ '1.52.0' ]
133 silly audit }
134 http cache mime-db@https://registry.npmjs.org/mime-db/-/mime-db-1.52.0.tgz 0ms (cache hit)
135 http cache dunder-proto@https://registry.npmjs.org/dunder-proto/-/dunder-proto-1.0.1.tgz 0ms (cache hit)
136 http cache gopd@https://registry.npmjs.org/gopd/-/gopd-1.2.0.tgz 0ms (cache hit)
137 http cache has-symbols@https://registry.npmjs.org/has-symbols/-/has-symbols-1.1.0.tgz 0ms (cache hit)
138 http cache get-proto@https://registry.npmjs.org/get-proto/-/get-proto-1.0.1.tgz 0ms (cache hit)
139 http cache function-bind@https://registry.npmjs.org/function-bind/-/function-bind-1.1.2.tgz 0ms (cache hit)
140 http cache es-object-atoms@https://registry.npmjs.org/es-object-atoms/-/es-object-atoms-1.1.1.tgz 0ms (cache hit)
141 http cache es-define-property@https://registry.npmjs.org/es-define-property/-/es-define-property-1.0.1.tgz 0ms (cache hit)
142 http cache call-bind-apply-helpers@https://registry.npmjs.org/call-bind-apply-helpers/-/call-bind-apply-helpers-1.0.2.tgz 0ms (cache hit)
143 http cache math-intrinsics@https://registry.npmjs.org/math-intrinsics/-/math-intrinsics-1.1.0.tgz 0ms (cache hit)
144 http cache has-tostringtag@https://registry.npmjs.org/has-tostringtag/-/has-tostringtag-1.0.2.tgz 0ms (cache hit)
145 http cache get-intrinsic@https://registry.npmjs.org/get-intrinsic/-/get-intrinsic-1.3.0.tgz 0ms (cache hit)
146 http cache delayed-stream@https://registry.npmjs.org/delayed-stream/-/delayed-stream-1.0.0.tgz 0ms (cache hit)
147 http cache es-errors@https://registry.npmjs.org/es-errors/-/es-errors-1.3.0.tgz 0ms (cache hit)
148 http cache mime-types@https://registry.npmjs.org/mime-types/-/mime-types-2.1.35.tgz 0ms (cache hit)
149 http cache es-set-tostringtag@https://registry.npmjs.org/es-set-tostringtag/-/es-set-tostringtag-2.1.0.tgz 0ms (cache hit)
150 http cache combined-stream@https://registry.npmjs.org/combined-stream/-/combined-stream-1.0.8.tgz 1ms (cache hit)
151 http cache hasown@https://registry.npmjs.org/hasown/-/hasown-2.0.2.tgz 0ms (cache hit)
152 http cache asynckit@https://registry.npmjs.org/asynckit/-/asynckit-0.4.0.tgz 0ms (cache hit)
153 http cache form-data@https://registry.npmjs.org/form-data/-/form-data-4.0.4.tgz 0ms (cache hit)
154 http cache follow-redirects@https://registry.npmjs.org/follow-redirects/-/follow-redirects-1.15.11.tgz 0ms (cache hit)
155 http cache proxy-from-env@https://registry.npmjs.org/proxy-from-env/-/proxy-from-env-1.1.0.tgz 0ms (cache hit)
156 http cache axios@https://registry.npmjs.org/axios/-/axios-1.11.0.tgz 0ms (cache hit)
157 http fetch POST 200 https://registry.npmjs.org/-/npm/v1/security/advisories/bulk 241ms
158 silly audit report {}
159 silly ADD node_modules/mime-db
160 silly ADD node_modules/dunder-proto
161 silly ADD node_modules/math-intrinsics
162 silly ADD node_modules/has-symbols
163 silly ADD node_modules/gopd
164 silly ADD node_modules/get-proto
165 silly ADD node_modules/function-bind
166 silly ADD node_modules/es-object-atoms
167 silly ADD node_modules/es-define-property
168 silly ADD node_modules/call-bind-apply-helpers
169 silly ADD node_modules/has-tostringtag
170 silly ADD node_modules/get-intrinsic
171 silly ADD node_modules/es-errors
172 silly ADD node_modules/delayed-stream
173 silly ADD node_modules/mime-types
174 silly ADD node_modules/hasown
175 silly ADD node_modules/es-set-tostringtag
176 silly ADD node_modules/combined-stream
177 silly ADD node_modules/asynckit
178 silly ADD node_modules/proxy-from-env
179 silly ADD node_modules/form-data
180 silly ADD node_modules/follow-redirects
181 silly ADD node_modules/axios
182 verbose cwd /home/natureskwy/smartstore-fn
183 verbose os Linux 6.6.93+
184 verbose node v22.17.1
185 verbose npm  v11.5.1
186 verbose exit 0
187 info ok
