0 verbose cli /usr/local/nvm/versions/node/v22.17.1/bin/node /usr/local/nvm/versions/node/v22.17.1/bin/npm
1 info using npm@11.5.1
2 info using node@v22.17.1
3 silly config load:file:/usr/local/nvm/versions/node/v22.17.1/lib/node_modules/npm/npmrc
4 silly config load:file:/home/natureskwy/.cache/typescript/5.8/.npmrc
5 silly config load:file:/home/natureskwy/.npmrc
6 silly config load:file:/usr/local/nvm/versions/node/v22.17.1/etc/npmrc
7 verbose title npm install types-registry@latest
8 verbose argv "install" "--ignore-scripts" "types-registry@latest"
9 verbose logfile logs-max:10 dir:/home/natureskwy/.npm/_logs/2025-08-04T01_52_58_800Z-
10 verbose logfile /home/natureskwy/.npm/_logs/2025-08-04T01_52_58_800Z-debug-0.log
11 silly logfile start cleaning logs, removing 2 files
12 silly packumentCache heap:2197815296 maxSize:549453824 maxEntrySize:274726912
13 silly logfile done cleaning log files
14 silly packumentCache corgi:https://registry.npmjs.org/types-registry cache-miss
15 http fetch GET 200 https://registry.npmjs.org/types-registry 188ms (cache revalidated)
16 silly packumentCache corgi:https://registry.npmjs.org/types-registry set size:604622 disposed:false
17 silly idealTree buildDeps
18 silly fetch manifest types-registry@0.1.732
19 silly packumentCache full:https://registry.npmjs.org/types-registry cache-miss
20 http fetch GET 200 https://registry.npmjs.org/types-registry 76ms (cache revalidated)
21 silly packumentCache full:https://registry.npmjs.org/types-registry set size:1287439 disposed:false
22 silly placeDep ROOT types-registry@0.1.732 REPLACE for:  want: 0.1.732
23 silly reify moves {}
24 silly audit bulk request {
24 silly audit   '@types/body-parser': [ '1.19.6' ],
24 silly audit   '@types/connect': [ '3.4.38' ],
24 silly audit   '@types/express': [ '5.0.3' ],
24 silly audit   '@types/express-serve-static-core': [ '5.0.7' ],
24 silly audit   '@types/http-errors': [ '2.0.5' ],
24 silly audit   '@types/mime': [ '1.3.5' ],
24 silly audit   '@types/node': [ '24.1.0' ],
24 silly audit   '@types/qs': [ '6.14.0' ],
24 silly audit   '@types/range-parser': [ '1.2.7' ],
24 silly audit   '@types/send': [ '0.17.5' ],
24 silly audit   '@types/serve-static': [ '1.15.8' ],
24 silly audit   '@types/uuid': [ '10.0.0' ],
24 silly audit   'undici-types': [ '7.8.0' ],
24 silly audit   'types-registry': [ '0.1.732' ]
24 silly audit }
25 http fetch POST 200 https://registry.npmjs.org/-/npm/v1/security/advisories/bulk 235ms
26 silly audit report {}
27 verbose cwd /home/natureskwy/.cache/typescript/5.8
28 verbose os Linux 6.6.93+
29 verbose node v22.17.1
30 verbose npm  v11.5.1
31 verbose exit 0
32 info ok
