0 verbose cli /usr/local/nvm/versions/node/v22.17.1/bin/node /usr/local/nvm/versions/node/v22.17.1/bin/npm
1 info using npm@11.5.1
2 info using node@v22.17.1
3 silly config load:file:/usr/local/nvm/versions/node/v22.17.1/lib/node_modules/npm/npmrc
4 silly config load:file:/home/natureskwy/smartstore-fn/.npmrc
5 silly config load:file:/home/natureskwy/.npmrc
6 silly config load:file:/usr/local/nvm/versions/node/v22.17.1/etc/npmrc
7 verbose title npm view axios description dist-tags.latest homepage version time
8 verbose argv "view" "--json" "--" "axios" "description" "dist-tags.latest" "homepage" "version" "time"
9 verbose logfile logs-max:10 dir:/home/natureskwy/.npm/_logs/2025-08-03T15_07_06_070Z-
10 verbose logfile /home/natureskwy/.npm/_logs/2025-08-03T15_07_06_070Z-debug-0.log
11 silly logfile start cleaning logs, removing 1 files
12 silly logfile done cleaning log files
13 http fetch GET 200 https://registry.npmjs.org/axios 147ms (cache revalidated)
14 verbose cwd /home/natureskwy/smartstore-fn
15 verbose os Linux 6.6.93+
16 verbose node v22.17.1
17 verbose npm  v11.5.1
18 verbose exit 0
19 info ok
