2025-08-01 16:37:37.762 [info] [main] Log level: Info
2025-08-01 16:37:37.762 [info] [main] Validating found git in: "git"
2025-08-01 16:37:37.762 [info] [main] Using git "2.43.0" from "git"
2025-08-01 16:37:37.762 [info] [Model][doInitialScan] Initial repository scan started
2025-08-01 16:37:37.762 [info] > git rev-parse --show-toplevel [22ms]
2025-08-01 16:37:37.762 [info] fatal: not a git repository (or any parent up to mount point /)
Stopping at filesystem boundary (GIT_DISCOVERY_ACROSS_FILESYSTEM not set).
2025-08-01 16:37:37.768 [info] > git rev-parse --show-toplevel [16ms]
2025-08-01 16:37:37.768 [info] fatal: not a git repository (or any parent up to mount point /)
Stopping at filesystem boundary (GIT_DISCOVERY_ACROSS_FILESYSTEM not set).
2025-08-01 16:37:37.787 [info] > git rev-parse --show-toplevel [5ms]
2025-08-01 16:37:37.787 [info] fatal: not a git repository (or any parent up to mount point /)
Stopping at filesystem boundary (GIT_DISCOVERY_ACROSS_FILESYSTEM not set).
2025-08-01 16:37:37.804 [info] > git rev-parse --show-toplevel [6ms]
2025-08-01 16:37:37.804 [info] fatal: not a git repository (or any parent up to mount point /)
Stopping at filesystem boundary (GIT_DISCOVERY_ACROSS_FILESYSTEM not set).
2025-08-01 16:37:37.924 [info] > git rev-parse --show-toplevel [106ms]
2025-08-01 16:37:37.927 [info] fatal: not a git repository (or any parent up to mount point /)
Stopping at filesystem boundary (GIT_DISCOVERY_ACROSS_FILESYSTEM not set).
2025-08-01 16:37:41.182 [info] > git rev-parse --show-toplevel [3232ms]
2025-08-01 16:37:41.182 [info] fatal: not a git repository (or any parent up to mount point /)
Stopping at filesystem boundary (GIT_DISCOVERY_ACROSS_FILESYSTEM not set).
2025-08-01 16:37:41.252 [info] > git rev-parse --show-toplevel [60ms]
2025-08-01 16:37:41.252 [info] fatal: not a git repository (or any parent up to mount point /)
Stopping at filesystem boundary (GIT_DISCOVERY_ACROSS_FILESYSTEM not set).
2025-08-01 16:37:41.606 [info] > git rev-parse --show-toplevel [338ms]
2025-08-01 16:37:41.606 [info] fatal: not a git repository (or any parent up to mount point /)
Stopping at filesystem boundary (GIT_DISCOVERY_ACROSS_FILESYSTEM not set).
2025-08-01 16:37:41.728 [info] > git rev-parse --show-toplevel [104ms]
2025-08-01 16:37:41.728 [info] fatal: not a git repository (or any parent up to mount point /)
Stopping at filesystem boundary (GIT_DISCOVERY_ACROSS_FILESYSTEM not set).
2025-08-01 16:37:41.745 [info] > git rev-parse --show-toplevel [10ms]
2025-08-01 16:37:41.745 [info] fatal: not a git repository (or any parent up to mount point /)
Stopping at filesystem boundary (GIT_DISCOVERY_ACROSS_FILESYSTEM not set).
2025-08-01 16:37:41.746 [info] [Model][doInitialScan] Initial repository scan completed - repositories (0), closed repositories (0), parent repositories (0), unsafe repositories (0)
