2025-08-02 01:51:21.559 [info] [main] Log level: Info
2025-08-02 01:51:21.559 [info] [main] Validating found git in: "git"
2025-08-02 01:51:21.559 [info] [main] Using git "2.43.0" from "git"
2025-08-02 01:51:21.559 [info] [Model][doInitialScan] Initial repository scan started
2025-08-02 01:51:21.559 [info] > git rev-parse --show-toplevel [14ms]
2025-08-02 01:51:21.559 [info] fatal: not a git repository (or any parent up to mount point /)
Stopping at filesystem boundary (GIT_DISCOVERY_ACROSS_FILESYSTEM not set).
2025-08-02 01:51:21.559 [info] > git rev-parse --show-toplevel [5ms]
2025-08-02 01:51:21.559 [info] fatal: not a git repository (or any parent up to mount point /)
Stopping at filesystem boundary (GIT_DISCOVERY_ACROSS_FILESYSTEM not set).
2025-08-02 01:51:21.561 [info] > git rev-parse --show-toplevel [2ms]
2025-08-02 01:51:21.561 [info] fatal: not a git repository (or any parent up to mount point /)
Stopping at filesystem boundary (GIT_DISCOVERY_ACROSS_FILESYSTEM not set).
2025-08-02 01:51:21.572 [info] > git rev-parse --show-toplevel [2ms]
2025-08-02 01:51:21.572 [info] fatal: not a git repository (or any parent up to mount point /)
Stopping at filesystem boundary (GIT_DISCOVERY_ACROSS_FILESYSTEM not set).
2025-08-02 01:51:21.582 [info] > git rev-parse --show-toplevel [2ms]
2025-08-02 01:51:21.582 [info] fatal: not a git repository (or any parent up to mount point /)
Stopping at filesystem boundary (GIT_DISCOVERY_ACROSS_FILESYSTEM not set).
2025-08-02 01:51:21.593 [info] > git rev-parse --show-toplevel [2ms]
2025-08-02 01:51:21.593 [info] fatal: not a git repository (or any parent up to mount point /)
Stopping at filesystem boundary (GIT_DISCOVERY_ACROSS_FILESYSTEM not set).
2025-08-02 01:51:21.603 [info] > git rev-parse --show-toplevel [2ms]
2025-08-02 01:51:21.603 [info] fatal: not a git repository (or any parent up to mount point /)
Stopping at filesystem boundary (GIT_DISCOVERY_ACROSS_FILESYSTEM not set).
2025-08-02 01:51:21.613 [info] > git rev-parse --show-toplevel [2ms]
2025-08-02 01:51:21.613 [info] fatal: not a git repository (or any parent up to mount point /)
Stopping at filesystem boundary (GIT_DISCOVERY_ACROSS_FILESYSTEM not set).
2025-08-02 01:51:21.623 [info] > git rev-parse --show-toplevel [2ms]
2025-08-02 01:51:21.623 [info] fatal: not a git repository (or any parent up to mount point /)
Stopping at filesystem boundary (GIT_DISCOVERY_ACROSS_FILESYSTEM not set).
2025-08-02 01:51:21.681 [info] > git rev-parse --show-toplevel [50ms]
2025-08-02 01:51:21.681 [info] fatal: not a git repository (or any parent up to mount point /)
Stopping at filesystem boundary (GIT_DISCOVERY_ACROSS_FILESYSTEM not set).
2025-08-02 01:51:21.697 [info] > git rev-parse --show-toplevel [6ms]
2025-08-02 01:51:21.697 [info] fatal: not a git repository (or any parent up to mount point /)
Stopping at filesystem boundary (GIT_DISCOVERY_ACROSS_FILESYSTEM not set).
2025-08-02 01:51:21.698 [info] [Model][doInitialScan] Initial repository scan completed - repositories (0), closed repositories (0), parent repositories (0), unsafe repositories (0)
