Initializing document watcher...
Document watcher initialized
natureskwy/package_(1).json: {}
natureskwy/index.js: {}
natureskwy/index_(2).js: {}
natureskwy/index_(1).js: {}
natureskwy/index_(2).js: {}
natureskwy/index_(1).js: {}
natureskwy/pfocfile.rtf: {}
natureskwy/pfocfile.rtf: {}
natureskwy/procfile_(1): {}
natureskwy/procfile: {}
natureskwy/procfile_(1): {}
natureskwy/package_(1).json: {}
natureskwy/pfocfile.rtf: {}
natureskwy/package_(1).json: {}
natureskwy/package.json: {}
natureskwy/package_(2).json: {}
natureskwy/package_(1).json: {}
natureskwy/package.json: {}
natureskwy/package_(2).json: {}
natureskwy/package.json: {}
natureskwy/package_(2).json: {}
natureskwy/package_(1).json: {}
natureskwy/package_(2).json: {}
natureskwy/package.json: {}
natureskwy/package_(1).json: {}
natureskwy/index.js: {}
natureskwy/index_(2).js: {}
natureskwy/index_(1).js: {}
natureskwy/index_(2).js: {}
natureskwy/index.js: {}
natureskwy/index_(2).js: {}
natureskwy/index_(1).js: {}
natureskwy/index_(2).js: {}
natureskwy/index.js: {}
natureskwy/package_(1).json: {}
natureskwy/index_(1).js: {}
natureskwy/package_(1).json: {}
natureskwy/package_(2).json: {}
natureskwy/package.json: {}
natureskwy/index_(2).js: {}
natureskwy/index.js: {}
