2025-08-01 21:53:35.094 [info] [main] Log level: Info
2025-08-01 21:53:35.094 [info] [main] Validating found git in: "git"
2025-08-01 21:53:35.094 [info] [main] Using git "2.43.0" from "git"
2025-08-01 21:53:35.094 [info] [Model][doInitialScan] Initial repository scan started
2025-08-01 21:53:35.094 [info] > git rev-parse --show-toplevel [5ms]
2025-08-01 21:53:35.094 [info] fatal: not a git repository (or any parent up to mount point /)
Stopping at filesystem boundary (GIT_DISCOVERY_ACROSS_FILESYSTEM not set).
2025-08-01 21:53:35.094 [info] > git rev-parse --show-toplevel [2ms]
2025-08-01 21:53:35.094 [info] fatal: not a git repository (or any parent up to mount point /)
Stopping at filesystem boundary (GIT_DISCOVERY_ACROSS_FILESYSTEM not set).
2025-08-01 21:53:35.094 [info] > git rev-parse --show-toplevel [1ms]
2025-08-01 21:53:35.094 [info] fatal: not a git repository (or any parent up to mount point /)
Stopping at filesystem boundary (GIT_DISCOVERY_ACROSS_FILESYSTEM not set).
2025-08-01 21:53:35.094 [info] > git rev-parse --show-toplevel [2ms]
2025-08-01 21:53:35.094 [info] fatal: not a git repository (or any parent up to mount point /)
Stopping at filesystem boundary (GIT_DISCOVERY_ACROSS_FILESYSTEM not set).
2025-08-01 21:53:35.094 [info] > git rev-parse --show-toplevel [2ms]
2025-08-01 21:53:35.094 [info] fatal: not a git repository (or any parent up to mount point /)
Stopping at filesystem boundary (GIT_DISCOVERY_ACROSS_FILESYSTEM not set).
2025-08-01 21:53:35.094 [info] > git rev-parse --show-toplevel [1ms]
2025-08-01 21:53:35.094 [info] fatal: not a git repository (or any parent up to mount point /)
Stopping at filesystem boundary (GIT_DISCOVERY_ACROSS_FILESYSTEM not set).
2025-08-01 21:53:35.094 [info] > git rev-parse --show-toplevel [108ms]
2025-08-01 21:53:35.094 [info] fatal: not a git repository (or any parent up to mount point /)
Stopping at filesystem boundary (GIT_DISCOVERY_ACROSS_FILESYSTEM not set).
2025-08-01 21:53:35.094 [info] > git rev-parse --show-toplevel [19ms]
2025-08-01 21:53:35.094 [info] fatal: not a git repository (or any parent up to mount point /)
Stopping at filesystem boundary (GIT_DISCOVERY_ACROSS_FILESYSTEM not set).
2025-08-01 21:53:35.094 [info] > git rev-parse --show-toplevel [8ms]
2025-08-01 21:53:35.094 [info] fatal: not a git repository (or any parent up to mount point /)
Stopping at filesystem boundary (GIT_DISCOVERY_ACROSS_FILESYSTEM not set).
2025-08-01 21:53:35.097 [info] > git rev-parse --show-toplevel [4ms]
2025-08-01 21:53:35.097 [info] fatal: not a git repository (or any parent up to mount point /)
Stopping at filesystem boundary (GIT_DISCOVERY_ACROSS_FILESYSTEM not set).
2025-08-01 21:53:35.098 [info] [Model][doInitialScan] Initial repository scan completed - repositories (0), closed repositories (0), parent repositories (0), unsafe repositories (0)
