2025-08-01 12:24:16.462 [info] [main] Log level: Info
2025-08-01 12:24:16.462 [info] [main] Validating found git in: "git"
2025-08-01 12:24:16.462 [info] [main] Using git "2.43.0" from "git"
2025-08-01 12:24:16.462 [info] [Model][doInitialScan] Initial repository scan started
2025-08-01 12:24:16.462 [info] > git rev-parse --show-toplevel [65ms]
2025-08-01 12:24:16.462 [info] fatal: not a git repository (or any parent up to mount point /)
Stopping at filesystem boundary (GIT_DISCOVERY_ACROSS_FILESYSTEM not set).
2025-08-01 12:24:16.462 [info] > git rev-parse --show-toplevel [9ms]
2025-08-01 12:24:16.462 [info] fatal: not a git repository (or any parent up to mount point /)
Stopping at filesystem boundary (GIT_DISCOVERY_ACROSS_FILESYSTEM not set).
2025-08-01 12:24:16.479 [info] > git rev-parse --show-toplevel [1ms]
2025-08-01 12:24:16.482 [info] fatal: not a git repository (or any parent up to mount point /)
Stopping at filesystem boundary (GIT_DISCOVERY_ACROSS_FILESYSTEM not set).
2025-08-01 12:24:16.648 [info] > git rev-parse --show-toplevel [25ms]
2025-08-01 12:24:16.648 [info] fatal: not a git repository (or any parent up to mount point /)
Stopping at filesystem boundary (GIT_DISCOVERY_ACROSS_FILESYSTEM not set).
2025-08-01 12:24:16.714 [info] > git rev-parse --show-toplevel [8ms]
2025-08-01 12:24:16.714 [info] fatal: not a git repository (or any parent up to mount point /)
Stopping at filesystem boundary (GIT_DISCOVERY_ACROSS_FILESYSTEM not set).
2025-08-01 12:24:16.730 [info] > git rev-parse --show-toplevel [3ms]
2025-08-01 12:24:16.730 [info] fatal: not a git repository (or any parent up to mount point /)
Stopping at filesystem boundary (GIT_DISCOVERY_ACROSS_FILESYSTEM not set).
2025-08-01 12:24:16.741 [info] > git rev-parse --show-toplevel [2ms]
2025-08-01 12:24:16.741 [info] fatal: not a git repository (or any parent up to mount point /)
Stopping at filesystem boundary (GIT_DISCOVERY_ACROSS_FILESYSTEM not set).
2025-08-01 12:24:16.750 [info] > git rev-parse --show-toplevel [3ms]
2025-08-01 12:24:16.751 [info] fatal: not a git repository (or any parent up to mount point /)
Stopping at filesystem boundary (GIT_DISCOVERY_ACROSS_FILESYSTEM not set).
2025-08-01 12:24:19.411 [info] > git rev-parse --show-toplevel [2650ms]
2025-08-01 12:24:19.411 [info] fatal: not a git repository (or any parent up to mount point /)
Stopping at filesystem boundary (GIT_DISCOVERY_ACROSS_FILESYSTEM not set).
2025-08-01 12:24:19.412 [info] [Model][doInitialScan] Initial repository scan completed - repositories (0), closed repositories (0), parent repositories (0), unsafe repositories (0)
2025-08-01 12:27:07.748 [info] > git rev-parse --show-toplevel [6ms]
2025-08-01 12:27:07.748 [info] fatal: not a git repository (or any parent up to mount point /)
Stopping at filesystem boundary (GIT_DISCOVERY_ACROSS_FILESYSTEM not set).
2025-08-01 12:27:08.596 [info] > git rev-parse --show-toplevel [4ms]
2025-08-01 12:27:08.596 [info] fatal: not a git repository (or any parent up to mount point /)
Stopping at filesystem boundary (GIT_DISCOVERY_ACROSS_FILESYSTEM not set).
2025-08-01 12:27:09.107 [info] > git rev-parse --show-toplevel [2ms]
2025-08-01 12:27:09.107 [info] fatal: not a git repository (or any parent up to mount point /)
Stopping at filesystem boundary (GIT_DISCOVERY_ACROSS_FILESYSTEM not set).
