2025-08-01 11:49:34.225 [info] [main] Log level: Info
2025-08-01 11:49:34.225 [info] [main] Validating found git in: "git"
2025-08-01 11:49:34.225 [info] [main] Using git "2.43.0" from "git"
2025-08-01 11:49:34.225 [info] [Model][doInitialScan] Initial repository scan started
2025-08-01 11:49:34.225 [info] > git rev-parse --show-toplevel [71ms]
2025-08-01 11:49:34.225 [info] fatal: not a git repository (or any parent up to mount point /)
Stopping at filesystem boundary (GIT_DISCOVERY_ACROSS_FILESYSTEM not set).
2025-08-01 11:49:34.225 [info] > git rev-parse --show-toplevel [4ms]
2025-08-01 11:49:34.225 [info] fatal: not a git repository (or any parent up to mount point /)
Stopping at filesystem boundary (GIT_DISCOVERY_ACROSS_FILESYSTEM not set).
2025-08-01 11:49:34.225 [info] > git rev-parse --show-toplevel [3ms]
2025-08-01 11:49:34.225 [info] fatal: not a git repository (or any parent up to mount point /)
Stopping at filesystem boundary (GIT_DISCOVERY_ACROSS_FILESYSTEM not set).
2025-08-01 11:49:34.248 [info] > git rev-parse --show-toplevel [14ms]
2025-08-01 11:49:34.251 [info] fatal: not a git repository (or any parent up to mount point /)
Stopping at filesystem boundary (GIT_DISCOVERY_ACROSS_FILESYSTEM not set).
2025-08-01 11:49:34.260 [info] > git rev-parse --show-toplevel [2ms]
2025-08-01 11:49:34.260 [info] fatal: not a git repository (or any parent up to mount point /)
Stopping at filesystem boundary (GIT_DISCOVERY_ACROSS_FILESYSTEM not set).
2025-08-01 11:49:34.289 [info] > git rev-parse --show-toplevel [22ms]
2025-08-01 11:49:34.289 [info] fatal: not a git repository (or any parent up to mount point /)
Stopping at filesystem boundary (GIT_DISCOVERY_ACROSS_FILESYSTEM not set).
2025-08-01 11:49:34.307 [info] > git rev-parse --show-toplevel [10ms]
2025-08-01 11:49:34.307 [info] fatal: not a git repository (or any parent up to mount point /)
Stopping at filesystem boundary (GIT_DISCOVERY_ACROSS_FILESYSTEM not set).
2025-08-01 11:49:34.340 [info] > git rev-parse --show-toplevel [2ms]
2025-08-01 11:49:34.340 [info] fatal: not a git repository (or any parent up to mount point /)
Stopping at filesystem boundary (GIT_DISCOVERY_ACROSS_FILESYSTEM not set).
2025-08-01 11:49:34.341 [info] [Model][doInitialScan] Initial repository scan completed - repositories (0), closed repositories (0), parent repositories (0), unsafe repositories (0)
2025-08-01 11:49:46.647 [info] > git rev-parse --show-toplevel [8ms]
2025-08-01 11:49:46.647 [info] fatal: not a git repository (or any parent up to mount point /)
Stopping at filesystem boundary (GIT_DISCOVERY_ACROSS_FILESYSTEM not set).
