2025-08-02 04:03:32.839 [info] [main] Log level: Info
2025-08-02 04:03:32.841 [info] [main] Validating found git in: "git"
2025-08-02 04:03:32.841 [info] [main] Using git "2.43.0" from "git"
2025-08-02 04:03:32.841 [info] [Model][doInitialScan] Initial repository scan started
2025-08-02 04:03:32.841 [info] > git rev-parse --show-toplevel [3ms]
2025-08-02 04:03:32.841 [info] fatal: not a git repository (or any parent up to mount point /)
Stopping at filesystem boundary (GIT_DISCOVERY_ACROSS_FILESYSTEM not set).
2025-08-02 04:03:32.841 [info] > git rev-parse --show-toplevel [18ms]
2025-08-02 04:03:32.841 [info] fatal: not a git repository (or any parent up to mount point /)
Stopping at filesystem boundary (GIT_DISCOVERY_ACROSS_FILESYSTEM not set).
2025-08-02 04:03:32.841 [info] > git rev-parse --show-toplevel [2ms]
2025-08-02 04:03:32.841 [info] fatal: not a git repository (or any parent up to mount point /)
Stopping at filesystem boundary (GIT_DISCOVERY_ACROSS_FILESYSTEM not set).
2025-08-02 04:03:32.841 [info] > git rev-parse --show-toplevel [2ms]
2025-08-02 04:03:32.841 [info] fatal: not a git repository (or any parent up to mount point /)
Stopping at filesystem boundary (GIT_DISCOVERY_ACROSS_FILESYSTEM not set).
2025-08-02 04:03:32.841 [info] > git rev-parse --show-toplevel [2ms]
2025-08-02 04:03:32.841 [info] fatal: not a git repository (or any parent up to mount point /)
Stopping at filesystem boundary (GIT_DISCOVERY_ACROSS_FILESYSTEM not set).
2025-08-02 04:03:32.841 [info] > git rev-parse --show-toplevel [66ms]
2025-08-02 04:03:32.841 [info] fatal: not a git repository (or any parent up to mount point /)
Stopping at filesystem boundary (GIT_DISCOVERY_ACROSS_FILESYSTEM not set).
2025-08-02 04:03:32.841 [info] > git rev-parse --show-toplevel [8ms]
2025-08-02 04:03:32.841 [info] fatal: not a git repository (or any parent up to mount point /)
Stopping at filesystem boundary (GIT_DISCOVERY_ACROSS_FILESYSTEM not set).
2025-08-02 04:03:32.841 [info] > git rev-parse --show-toplevel [21ms]
2025-08-02 04:03:32.841 [info] fatal: not a git repository (or any parent up to mount point /)
Stopping at filesystem boundary (GIT_DISCOVERY_ACROSS_FILESYSTEM not set).
2025-08-02 04:03:32.885 [info] > git rev-parse --show-toplevel [32ms]
2025-08-02 04:03:32.885 [info] fatal: not a git repository (or any parent up to mount point /)
Stopping at filesystem boundary (GIT_DISCOVERY_ACROSS_FILESYSTEM not set).
2025-08-02 04:03:32.921 [info] > git rev-parse --show-toplevel [24ms]
2025-08-02 04:03:32.922 [info] fatal: not a git repository (or any parent up to mount point /)
Stopping at filesystem boundary (GIT_DISCOVERY_ACROSS_FILESYSTEM not set).
2025-08-02 04:03:32.939 [info] > git rev-parse --show-toplevel [8ms]
2025-08-02 04:03:32.939 [info] fatal: not a git repository (or any parent up to mount point /)
Stopping at filesystem boundary (GIT_DISCOVERY_ACROSS_FILESYSTEM not set).
2025-08-02 04:03:32.940 [info] [Model][doInitialScan] Initial repository scan completed - repositories (0), closed repositories (0), parent repositories (0), unsafe repositories (0)
