2025-08-02 04:03:31.583 [info] [main] Log level: Info
2025-08-02 04:03:31.583 [info] [main] Validating found git in: "git"
2025-08-02 04:03:31.583 [info] [main] Using git "2.43.0" from "git"
2025-08-02 04:03:31.583 [info] [Model][doInitialScan] Initial repository scan started
2025-08-02 04:03:31.583 [info] > git rev-parse --show-toplevel [5ms]
2025-08-02 04:03:31.583 [info] fatal: not a git repository (or any parent up to mount point /)
Stopping at filesystem boundary (GIT_DISCOVERY_ACROSS_FILESYSTEM not set).
2025-08-02 04:03:31.583 [info] > git rev-parse --show-toplevel [1ms]
2025-08-02 04:03:31.583 [info] fatal: not a git repository (or any parent up to mount point /)
Stopping at filesystem boundary (GIT_DISCOVERY_ACROSS_FILESYSTEM not set).
2025-08-02 04:03:31.583 [info] > git rev-parse --show-toplevel [2ms]
2025-08-02 04:03:31.583 [info] fatal: not a git repository (or any parent up to mount point /)
Stopping at filesystem boundary (GIT_DISCOVERY_ACROSS_FILESYSTEM not set).
2025-08-02 04:03:31.583 [info] > git rev-parse --show-toplevel [2ms]
2025-08-02 04:03:31.583 [info] fatal: not a git repository (or any parent up to mount point /)
Stopping at filesystem boundary (GIT_DISCOVERY_ACROSS_FILESYSTEM not set).
2025-08-02 04:03:31.583 [info] > git rev-parse --show-toplevel [2ms]
2025-08-02 04:03:31.583 [info] fatal: not a git repository (or any parent up to mount point /)
Stopping at filesystem boundary (GIT_DISCOVERY_ACROSS_FILESYSTEM not set).
2025-08-02 04:03:31.583 [info] > git rev-parse --show-toplevel [2ms]
2025-08-02 04:03:31.583 [info] fatal: not a git repository (or any parent up to mount point /)
Stopping at filesystem boundary (GIT_DISCOVERY_ACROSS_FILESYSTEM not set).
2025-08-02 04:03:31.583 [info] > git rev-parse --show-toplevel [2ms]
2025-08-02 04:03:31.583 [info] fatal: not a git repository (or any parent up to mount point /)
Stopping at filesystem boundary (GIT_DISCOVERY_ACROSS_FILESYSTEM not set).
2025-08-02 04:03:31.583 [info] > git rev-parse --show-toplevel [2ms]
2025-08-02 04:03:31.583 [info] fatal: not a git repository (or any parent up to mount point /)
Stopping at filesystem boundary (GIT_DISCOVERY_ACROSS_FILESYSTEM not set).
2025-08-02 04:03:31.583 [info] > git rev-parse --show-toplevel [2ms]
2025-08-02 04:03:31.583 [info] fatal: not a git repository (or any parent up to mount point /)
Stopping at filesystem boundary (GIT_DISCOVERY_ACROSS_FILESYSTEM not set).
2025-08-02 04:03:31.583 [info] > git rev-parse --show-toplevel [2ms]
2025-08-02 04:03:31.583 [info] fatal: not a git repository (or any parent up to mount point /)
Stopping at filesystem boundary (GIT_DISCOVERY_ACROSS_FILESYSTEM not set).
2025-08-02 04:03:31.583 [info] > git rev-parse --show-toplevel [127ms]
2025-08-02 04:03:31.583 [info] fatal: not a git repository (or any parent up to mount point /)
Stopping at filesystem boundary (GIT_DISCOVERY_ACROSS_FILESYSTEM not set).
2025-08-02 04:03:31.583 [info] [Model][doInitialScan] Initial repository scan completed - repositories (0), closed repositories (0), parent repositories (0), unsafe repositories (0)
2025-08-02 04:04:41.737 [info] > git rev-parse --show-toplevel [3ms]
2025-08-02 04:04:41.737 [info] fatal: not a git repository (or any parent up to mount point /)
Stopping at filesystem boundary (GIT_DISCOVERY_ACROSS_FILESYSTEM not set).
2025-08-02 04:51:05.378 [info] > git rev-parse --show-toplevel [4ms]
2025-08-02 04:51:05.378 [info] fatal: not a git repository (or any parent up to mount point /)
Stopping at filesystem boundary (GIT_DISCOVERY_ACROSS_FILESYSTEM not set).
2025-08-02 04:51:19.040 [info] > git rev-parse --show-toplevel [4ms]
2025-08-02 04:51:19.040 [info] fatal: not a git repository (or any parent up to mount point /)
Stopping at filesystem boundary (GIT_DISCOVERY_ACROSS_FILESYSTEM not set).
2025-08-02 05:41:53.244 [info] > git rev-parse --show-toplevel [3ms]
2025-08-02 05:41:53.244 [info] fatal: not a git repository (or any parent up to mount point /)
Stopping at filesystem boundary (GIT_DISCOVERY_ACROSS_FILESYSTEM not set).
